0 info it worked if it ends with ok
1 verbose cli [ 'node', '/usr/local/bin/npm', 'install', '-g', 'localtunnel' ]
2 info using npm@2.1.7
3 info using node@v0.10.33
4 verbose node symlink /usr/local/bin/node
5 silly cache add args [ 'localtunnel', null ]
6 verbose cache add spec localtunnel
7 silly cache add parsed spec { raw: 'localtunnel',
7 silly cache add   scope: null,
7 silly cache add   name: 'localtunnel',
7 silly cache add   rawSpec: '',
7 silly cache add   spec: '*',
7 silly cache add   type: 'range' }
8 verbose addNamed localtunnel@*
9 silly addNamed semver.valid null
10 silly addNamed semver.validRange *
11 silly addNameRange { name: 'localtunnel', range: '*', hasData: false }
12 silly mapToRegistry name localtunnel
13 silly mapToRegistry using default registry
14 silly mapToRegistry registry https://registry.npmjs.org/
15 silly mapToRegistry uri https://registry.npmjs.org/localtunnel
16 verbose addNameRange registry:https://registry.npmjs.org/localtunnel not in flight; fetching
17 verbose request uri https://registry.npmjs.org/localtunnel
18 verbose request no auth needed
19 info attempt registry request try #1 at 19:32:43
20 verbose request id 52f703f98a6e2446
21 http request GET https://registry.npmjs.org/localtunnel
22 http 200 https://registry.npmjs.org/localtunnel
23 silly get cb [ 200,
23 silly get   { date: 'Sun, 23 Nov 2014 00:29:20 GMT',
23 silly get     server: 'CouchDB/1.5.0 (Erlang OTP/R16B03)',
23 silly get     etag: '"CY5OBRT9Z73RDQ4DJS7WAZXFW"',
23 silly get     'content-type': 'application/json',
23 silly get     'cache-control': 'max-age=60',
23 silly get     'content-length': '22031',
23 silly get     'accept-ranges': 'bytes',
23 silly get     via: '1.1 varnish',
23 silly get     age: '0',
23 silly get     'x-served-by': 'cache-atl6231-ATL',
23 silly get     'x-cache': 'HIT',
23 silly get     'x-cache-hits': '1',
23 silly get     'x-timer': 'S1416702559.840634,VS0,VE280',
23 silly get     vary: 'Accept',
23 silly get     'keep-alive': 'timeout=10, max=50',
23 silly get     connection: 'Keep-Alive' } ]
24 silly addNameRange number 2 { name: 'localtunnel', range: '*', hasData: true }
25 silly addNameRange versions [ 'localtunnel',
25 silly addNameRange   [ '0.0.0',
25 silly addNameRange     '0.0.1',
25 silly addNameRange     '0.0.2',
25 silly addNameRange     '0.0.3',
25 silly addNameRange     '0.0.4',
25 silly addNameRange     '0.1.0',
25 silly addNameRange     '0.1.1',
25 silly addNameRange     '0.1.2',
25 silly addNameRange     '0.1.3',
25 silly addNameRange     '0.2.0',
25 silly addNameRange     '0.2.1',
25 silly addNameRange     '0.2.2',
25 silly addNameRange     '1.0.0',
25 silly addNameRange     '1.1.0',
25 silly addNameRange     '1.1.1',
25 silly addNameRange     '1.1.2',
25 silly addNameRange     '1.2.0',
25 silly addNameRange     '1.3.0',
25 silly addNameRange     '1.4.0',
25 silly addNameRange     '1.5.0' ] ]
26 verbose addNamed localtunnel@1.5.0
27 silly addNamed semver.valid 1.5.0
28 silly addNamed semver.validRange 1.5.0
29 silly mapToRegistry name localtunnel
30 silly mapToRegistry using default registry
31 silly mapToRegistry registry https://registry.npmjs.org/
32 silly mapToRegistry uri https://registry.npmjs.org/localtunnel
33 verbose addRemoteTarball https://registry.npmjs.org/localtunnel/-/localtunnel-1.5.0.tgz not in flight; adding
34 verbose addRemoteTarball [ 'https://registry.npmjs.org/localtunnel/-/localtunnel-1.5.0.tgz',
34 verbose addRemoteTarball   '5be949779325e9f3273021a3f38d2e7a8dcd7c4f' ]
35 info retry fetch attempt 1 at 19:32:44
36 info attempt registry request try #1 at 19:32:44
37 http fetch GET https://registry.npmjs.org/localtunnel/-/localtunnel-1.5.0.tgz
38 http fetch 200 https://registry.npmjs.org/localtunnel/-/localtunnel-1.5.0.tgz
39 silly fetchAndShaCheck shasum 5be949779325e9f3273021a3f38d2e7a8dcd7c4f
40 verbose addTmpTarball /var/folders/dq/t2qyny7d5_xf2r8srqzw6kl40000gp/T/npm-9058-992e0069/registry.npmjs.org/localtunnel/-/localtunnel-1.5.0.tgz not in flight; adding
41 verbose addTmpTarball already have metadata; skipping unpack for localtunnel@1.5.0
42 silly cache afterAdd localtunnel@1.5.0
43 verbose afterAdd /Users/rvallejo/.npm/localtunnel/1.5.0/package/package.json not in flight; writing
44 verbose afterAdd /Users/rvallejo/.npm/localtunnel/1.5.0/package/package.json written
45 silly install resolved [ { author: { name: 'Roman Shtylman', email: 'shtylman@gmail.com' },
45 silly install resolved     name: 'localtunnel',
45 silly install resolved     description: 'expose localhost to the world',
45 silly install resolved     version: '1.5.0',
45 silly install resolved     repository:
45 silly install resolved      { type: 'git',
45 silly install resolved        url: 'git://github.com/shtylman/localtunnel.git' },
45 silly install resolved     dependencies: { request: '2.11.4', optimist: '0.3.4', debug: '0.7.4' },
45 silly install resolved     devDependencies: { mocha: '~1.17.0' },
45 silly install resolved     scripts: { test: 'mocha --ui qunit --reporter list --timeout 10000 -- test/index.js' },
45 silly install resolved     bin: { lt: './bin/client' },
45 silly install resolved     main: './client.js',
45 silly install resolved     gitHead: 'a6845ec63bd4f485f3c45c4272eb38733448ee05',
45 silly install resolved     bugs: { url: 'https://github.com/shtylman/localtunnel/issues' },
45 silly install resolved     homepage: 'https://github.com/shtylman/localtunnel',
45 silly install resolved     _id: 'localtunnel@1.5.0',
45 silly install resolved     _shasum: '5be949779325e9f3273021a3f38d2e7a8dcd7c4f',
45 silly install resolved     _from: 'localtunnel@*',
45 silly install resolved     _npmVersion: '1.4.23',
45 silly install resolved     _npmUser: { name: 'shtylman', email: 'shtylman@gmail.com' },
45 silly install resolved     maintainers: [ [Object] ],
45 silly install resolved     dist:
45 silly install resolved      { shasum: '5be949779325e9f3273021a3f38d2e7a8dcd7c4f',
45 silly install resolved        tarball: 'http://registry.npmjs.org/localtunnel/-/localtunnel-1.5.0.tgz' },
45 silly install resolved     directories: {},
45 silly install resolved     _resolved: 'https://registry.npmjs.org/localtunnel/-/localtunnel-1.5.0.tgz' } ]
46 info install localtunnel@1.5.0 into /usr/local/lib
47 info installOne localtunnel@1.5.0
48 verbose installOne of localtunnel to /usr/local/lib not in flight; installing
49 verbose lock using /Users/rvallejo/.npm/_locks/localtunnel-7dc996a9645fd287.lock for /usr/local/lib/node_modules/localtunnel
50 silly install write writing localtunnel 1.5.0 to /usr/local/lib/node_modules/localtunnel
51 silly cache addNamed cb localtunnel@1.5.0
52 verbose unbuild lib/node_modules/localtunnel
53 info preuninstall localtunnel@1.4.0
54 info uninstall localtunnel@1.4.0
55 verbose unbuild rmStuff localtunnel@1.4.0 from /usr/local/lib/node_modules
56 verbose /usr/local/bin,[object Object] binRoot
57 verbose gentlyRm verifying that /usr/local/lib/node_modules/localtunnel is managed by npm
58 silly cacheAndTest /usr/local/lib/node_modules/localtunnel is inside /usr/local/lib/node_modules
59 silly gentlyRm /usr/local/lib/node_modules/localtunnel is managed by npm
60 silly gentlyRm /usr/local/bin/lt is not under /usr/local/lib/node_modules/localtunnel
61 silly gentlyRm checking to see if /usr/local/bin/lt is a link
62 silly gentlyRm /usr/local/bin/lt is a link
63 silly gentlyRm /usr/local/lib/node_modules/localtunnel/bin/client inside /usr/local/lib/node_modules/localtunnel
64 verbose gentlyRm vacuuming /usr/local/bin/lt
65 silly gentlyRm removing /usr/local/bin/lt
66 silly gentlyRm quitting because other entries in /usr/local/bin
67 info postuninstall localtunnel@1.4.0
68 verbose gentlyRm vacuuming /usr/local/lib/node_modules/localtunnel
69 silly gentlyRm purging /usr/local/lib/node_modules/localtunnel
70 verbose unlock done using /Users/rvallejo/.npm/_locks/localtunnel-7dc996a9645fd287.lock for /usr/local/lib/node_modules/localtunnel
71 verbose stack Error: EACCES, unlink '/usr/local/lib/node_modules/localtunnel/.npmignore'
72 verbose cwd /Users/rvallejo/RVdevelopment/factronica-ui
73 error Darwin 14.0.0
74 error argv "node" "/usr/local/bin/npm" "install" "-g" "localtunnel"
75 error node v0.10.33
76 error npm  v2.1.7
77 error path /usr/local/lib/node_modules/localtunnel/.npmignore
78 error code EACCES
79 error errno 3
80 error Error: EACCES, unlink '/usr/local/lib/node_modules/localtunnel/.npmignore'
80 error  { [Error: EACCES, unlink '/usr/local/lib/node_modules/localtunnel/.npmignore']
80 error   errno: 3,
80 error   code: 'EACCES',
80 error   path: '/usr/local/lib/node_modules/localtunnel/.npmignore' }
81 error Please try running this command again as root/Administrator.
82 verbose exit [ 3, true ]
83 verbose unbuild lib/node_modules/localtunnel
84 info preuninstall localtunnel@1.4.0
85 info uninstall localtunnel@1.4.0
86 verbose unbuild rmStuff localtunnel@1.4.0 from /usr/local/lib/node_modules
87 verbose /usr/local/bin,[object Object] binRoot
88 verbose gentlyRm verifying that /usr/local/lib/node_modules/localtunnel is managed by npm
89 silly isManaged /usr/local/lib/node_modules/localtunnel is inside /usr/local/lib/node_modules
90 silly gentlyRm /usr/local/lib/node_modules/localtunnel is managed by npm
91 silly gentlyRm /usr/local/bin/lt is not under /usr/local/lib/node_modules/localtunnel
92 silly gentlyRm checking to see if /usr/local/bin/lt is a link
93 info postuninstall localtunnel@1.4.0
94 verbose gentlyRm vacuuming /usr/local/lib/node_modules/localtunnel
95 silly gentlyRm purging /usr/local/lib/node_modules/localtunnel
96 error error rolling back Error: EACCES, unlink '/usr/local/lib/node_modules/localtunnel/.npmignore'
96 error error rolling back  { [Error: EACCES, unlink '/usr/local/lib/node_modules/localtunnel/.npmignore']
96 error error rolling back   errno: 3,
96 error error rolling back   code: 'EACCES',
96 error error rolling back   path: '/usr/local/lib/node_modules/localtunnel/.npmignore' }
